# JRE version: OpenJDK Runtime Environment Temurin-21.0.9+10 (21.0.9+10) (build 21.0.9+10-LTS)
# Java VM: OpenJDK 64-Bit Server VM Temurin-21.0.9+10 (21.0.9+10-LTS, mixed mode, sharing, tiered, compressed oops, compressed class ptrs, parallel gc, windows-amd64)
GC Precious Log:
 CardTable entry size: 512
 CPUs: 8 total, 8 available
 Memory: 7834M
 Large Page Support: Disabled
 NUMA Support: Disabled
 Compressed Oops: Enabled (32-bit)
 Alignments: Space 512K, Generation 512K, Heap 2M
 Heap Min Capacity: 100M
 Heap Initial Capacity: 100M
 Heap Max Capacity: 2G
 Pre-touch: Disabled
 Parallel Workers: 8
Heap:
 PSYoungGen      total 6656K, used 633K [0x00000000d5580000, 0x00000000d6000000, 0x0000000100000000)
  eden space 5120K, 6% used [0x00000000d5580000,0x00000000d55d64d8,0x00000000d5a80000)
  from space 1536K, 18% used [0x00000000d5d80000,0x00000000d5dc8000,0x00000000d5f00000)
  to   space 512K, 0% used [0x00000000d5f80000,0x00000000d5f80000,0x00000000d6000000)
 ParOldGen       total 1332736K, used 1332423K [0x0000000080000000, 0x00000000d1580000, 0x00000000d5580000)
  object space 1332736K, 99% used [0x0000000080000000,0x00000000d1531d58,0x00000000d1580000)
 Metaspace       used 97598K, committed 99584K, reserved 1179648K
  class space    used 9504K, committed 10496K, reserved 1048576K
GC Heap History (20 events):
Event: 1470.425 GC heap before
{Heap before GC invocations=7736 (full 39):
 PSYoungGen      total 14848K, used 14620K [0x00000000d5580000, 0x00000000d6980000, 0x0000000100000000)
  eden space 10240K, 100% used [0x00000000d5580000,0x00000000d5f80000,0x00000000d5f80000)
  from space 4608K, 95% used [0x00000000d6080000,0x00000000d64c72f0,0x00000000d6500000)
  to   space 4608K, 0% used [0x00000000d6500000,0x00000000d6500000,0x00000000d6980000)
 ParOldGen       total 1318400K, used 1317990K [0x0000000080000000, 0x00000000d0780000, 0x00000000d5580000)
  object space 1318400K, 99% used [0x0000000080000000,0x00000000d0719870,0x00000000d0780000)
 Metaspace       used 97423K, committed 99456K, reserved 1179648K
  class space    used 9491K, committed 10496K, reserved 1048576K
}
Event: 1470.429 GC heap after
{Heap after GC invocations=7736 (full 39):
 PSYoungGen      total 10752K, used 404K [0x00000000d5580000, 0x00000000d6580000, 0x0000000100000000)
  eden space 10240K, 0% used [0x00000000d5580000,0x00000000d5580000,0x00000000d5f80000)
  from space 512K, 79% used [0x00000000d6500000,0x00000000d6565200,0x00000000d6580000)
  to   space 2048K, 0% used [0x00000000d6180000,0x00000000d6180000,0x00000000d6380000)
 ParOldGen       total 1320448K, used 1319966K [0x0000000080000000, 0x00000000d0980000, 0x00000000d5580000)
  object space 1320448K, 99% used [0x0000000080000000,0x00000000d0907be0,0x00000000d0980000)
 Metaspace       used 97423K, committed 99456K, reserved 1179648K
  class space    used 9491K, committed 10496K, reserved 1048576K
}
Event: 1470.621 GC heap before
{Heap before GC invocations=7737 (full 39):
 PSYoungGen      total 10752K, used 10644K [0x00000000d5580000, 0x00000000d6580000, 0x0000000100000000)
  eden space 10240K, 100% used [0x00000000d5580000,0x00000000d5f80000,0x00000000d5f80000)
  from space 512K, 79% used [0x00000000d6500000,0x00000000d6565200,0x00000000d6580000)
  to   space 2048K, 0% used [0x00000000d6180000,0x00000000d6180000,0x00000000d6380000)
 ParOldGen       total 1320448K, used 1319966K [0x0000000080000000, 0x00000000d0980000, 0x00000000d5580000)
  object space 1320448K, 99% used [0x0000000080000000,0x00000000d0907be0,0x00000000d0980000)
 Metaspace       used 97443K, committed 99456K, reserved 1179648K
  class space    used 9491K, committed 10496K, reserved 1048576K
}
Event: 1470.626 GC heap after
{Heap after GC invocations=7737 (full 39):
 PSYoungGen      total 12288K, used 922K [0x00000000d5580000, 0x00000000d6580000, 0x0000000100000000)
  eden space 10240K, 0% used [0x00000000d5580000,0x00000000d5580000,0x00000000d5f80000)
  from space 2048K, 45% used [0x00000000d6180000,0x00000000d6266900,0x00000000d6380000)
  to   space 1536K, 0% used [0x00000000d6400000,0x00000000d6400000,0x00000000d6580000)
 ParOldGen       total 1320448K, used 1320182K [0x0000000080000000, 0x00000000d0980000, 0x00000000d5580000)
  object space 1320448K, 99% used [0x0000000080000000,0x00000000d093dbe0,0x00000000d0980000)
 Metaspace       used 97443K, committed 99456K, reserved 1179648K
  class space    used 9491K, committed 10496K, reserved 1048576K
}
Event: 1474.729 GC heap before
{Heap before GC invocations=7738 (full 39):
 PSYoungGen      total 12288K, used 11162K [0x00000000d5580000, 0x00000000d6580000, 0x0000000100000000)
  eden space 10240K, 99% used [0x00000000d5580000,0x00000000d5f7ffe8,0x00000000d5f80000)
  from space 2048K, 45% used [0x00000000d6180000,0x00000000d6266900,0x00000000d6380000)
  to   space 1536K, 0% used [0x00000000d6400000,0x00000000d6400000,0x00000000d6580000)
 ParOldGen       total 1320448K, used 1320182K [0x0000000080000000, 0x00000000d0980000, 0x00000000d5580000)
  object space 1320448K, 99% used [0x0000000080000000,0x00000000d093dbe0,0x00000000d0980000)
 Metaspace       used 97444K, committed 99456K, reserved 1179648K
  class space    used 9491K, committed 10496K, reserved 1048576K
}
Event: 1474.731 GC heap after
{Heap after GC invocations=7738 (full 39):
 PSYoungGen      total 10752K, used 448K [0x00000000d5580000, 0x00000000d6480000, 0x0000000100000000)
  eden space 10240K, 0% used [0x00000000d5580000,0x00000000d5580000,0x00000000d5f80000)
  from space 512K, 87% used [0x00000000d6400000,0x00000000d6470000,0x00000000d6480000)
  to   space 1024K, 0% used [0x00000000d6280000,0x00000000d6280000,0x00000000d6380000)
 ParOldGen       total 1320960K, used 1320951K [0x0000000080000000, 0x00000000d0a00000, 0x00000000d5580000)
  object space 1320960K, 99% used [0x0000000080000000,0x00000000d09fdfa0,0x00000000d0a00000)
 Metaspace       used 97444K, committed 99456K, reserved 1179648K
  class space    used 9491K, committed 10496K, reserved 1048576K
}
Event: 1481.178 GC heap before
{Heap before GC invocations=7739 (full 39):
 PSYoungGen      total 10752K, used 10688K [0x00000000d5580000, 0x00000000d6480000, 0x0000000100000000)
  eden space 10240K, 100% used [0x00000000d5580000,0x00000000d5f80000,0x00000000d5f80000)
  from space 512K, 87% used [0x00000000d6400000,0x00000000d6470000,0x00000000d6480000)
  to   space 1024K, 0% used [0x00000000d6280000,0x00000000d6280000,0x00000000d6380000)
 ParOldGen       total 1320960K, used 1320951K [0x0000000080000000, 0x00000000d0a00000, 0x00000000d5580000)
  object space 1320960K, 99% used [0x0000000080000000,0x00000000d09fdfa0,0x00000000d0a00000)
 Metaspace       used 97529K, committed 99520K, reserved 1179648K
  class space    used 9499K, committed 10496K, reserved 1048576K
}
Event: 1481.182 GC heap after
{Heap after GC invocations=7739 (full 39):
 PSYoungGen      total 11264K, used 1024K [0x00000000d5580000, 0x00000000d6580000, 0x0000000100000000)
  eden space 10240K, 0% used [0x00000000d5580000,0x00000000d5580000,0x00000000d5f80000)
  from space 1024K, 100% used [0x00000000d6280000,0x00000000d6380000,0x00000000d6380000)
  to   space 2048K, 0% used [0x00000000d6380000,0x00000000d6380000,0x00000000d6580000)
 ParOldGen       total 1323008K, used 1322497K [0x0000000080000000, 0x00000000d0c00000, 0x00000000d5580000)
  object space 1323008K, 99% used [0x0000000080000000,0x00000000d0b80528,0x00000000d0c00000)
 Metaspace       used 97529K, committed 99520K, reserved 1179648K
  class space    used 9499K, committed 10496K, reserved 1048576K
}
Event: 1481.278 GC heap before
{Heap before GC invocations=7740 (full 39):
 PSYoungGen      total 11264K, used 11264K [0x00000000d5580000, 0x00000000d6580000, 0x0000000100000000)
  eden space 10240K, 100% used [0x00000000d5580000,0x00000000d5f80000,0x00000000d5f80000)
  from space 1024K, 100% used [0x00000000d6280000,0x00000000d6380000,0x00000000d6380000)
  to   space 2048K, 0% used [0x00000000d6380000,0x00000000d6380000,0x00000000d6580000)
 ParOldGen       total 1323008K, used 1322497K [0x0000000080000000, 0x00000000d0c00000, 0x00000000d5580000)
  object space 1323008K, 99% used [0x0000000080000000,0x00000000d0b80528,0x00000000d0c00000)
 Metaspace       used 97539K, committed 99584K, reserved 1179648K
  class space    used 9499K, committed 10496K, reserved 1048576K
}
Event: 1481.282 GC heap after
{Heap after GC invocations=7740 (full 39):
 PSYoungGen      total 11264K, used 723K [0x00000000d5580000, 0x00000000d6480000, 0x0000000100000000)
  eden space 10240K, 0% used [0x00000000d5580000,0x00000000d5580000,0x00000000d5f80000)
  from space 1024K, 70% used [0x00000000d6380000,0x00000000d6434fa0,0x00000000d6480000)
  to   space 1536K, 0% used [0x00000000d6180000,0x00000000d6180000,0x00000000d6300000)
 ParOldGen       total 1323520K, used 1323502K [0x0000000080000000, 0x00000000d0c80000, 0x00000000d5580000)
  object space 1323520K, 99% used [0x0000000080000000,0x00000000d0c7b958,0x00000000d0c80000)
 Metaspace       used 97539K, committed 99584K, reserved 1179648K
  class space    used 9499K, committed 10496K, reserved 1048576K
}
Event: 1481.394 GC heap before
{Heap before GC invocations=7741 (full 39):
 PSYoungGen      total 11264K, used 10963K [0x00000000d5580000, 0x00000000d6480000, 0x0000000100000000)
  eden space 10240K, 100% used [0x00000000d5580000,0x00000000d5f80000,0x00000000d5f80000)
  from space 1024K, 70% used [0x00000000d6380000,0x00000000d6434fa0,0x00000000d6480000)
  to   space 1536K, 0% used [0x00000000d6180000,0x00000000d6180000,0x00000000d6300000)
 ParOldGen       total 1323520K, used 1323502K [0x0000000080000000, 0x00000000d0c80000, 0x00000000d5580000)
  object space 1323520K, 99% used [0x0000000080000000,0x00000000d0c7b958,0x00000000d0c80000)
 Metaspace       used 97597K, committed 99584K, reserved 1179648K
  class space    used 9504K, committed 10496K, reserved 1048576K
}
Event: 1481.397 GC heap after
{Heap after GC invocations=7741 (full 39):
 PSYoungGen      total 11776K, used 864K [0x00000000d5580000, 0x00000000d6400000, 0x0000000100000000)
  eden space 10240K, 0% used [0x00000000d5580000,0x00000000d5580000,0x00000000d5f80000)
  from space 1536K, 56% used [0x00000000d6180000,0x00000000d6258000,0x00000000d6300000)
  to   space 1024K, 0% used [0x00000000d6300000,0x00000000d6300000,0x00000000d6400000)
 ParOldGen       total 1324544K, used 1324054K [0x0000000080000000, 0x00000000d0d80000, 0x00000000d5580000)
  object space 1324544K, 99% used [0x0000000080000000,0x00000000d0d05978,0x00000000d0d80000)
 Metaspace       used 97597K, committed 99584K, reserved 1179648K
  class space    used 9504K, committed 10496K, reserved 1048576K
}
Event: 1481.476 GC heap before
{Heap before GC invocations=7742 (full 39):
 PSYoungGen      total 11776K, used 11104K [0x00000000d5580000, 0x00000000d6400000, 0x0000000100000000)
  eden space 10240K, 100% used [0x00000000d5580000,0x00000000d5f80000,0x00000000d5f80000)
  from space 1536K, 56% used [0x00000000d6180000,0x00000000d6258000,0x00000000d6300000)
  to   space 1024K, 0% used [0x00000000d6300000,0x00000000d6300000,0x00000000d6400000)
 ParOldGen       total 1324544K, used 1324054K [0x0000000080000000, 0x00000000d0d80000, 0x00000000d5580000)
  object space 1324544K, 99% used [0x0000000080000000,0x00000000d0d05978,0x00000000d0d80000)
 Metaspace       used 97597K, committed 99584K, reserved 1179648K
  class space    used 9504K, committed 10496K, reserved 1048576K
}
Event: 1481.480 GC heap after
{Heap after GC invocations=7742 (full 39):
 PSYoungGen      total 6144K, used 1013K [0x00000000d5580000, 0x00000000d7080000, 0x0000000100000000)
  eden space 5120K, 0% used [0x00000000d5580000,0x00000000d5580000,0x00000000d5a80000)
  from space 1024K, 99% used [0x00000000d6300000,0x00000000d63fd788,0x00000000d6400000)
  to   space 8704K, 0% used [0x00000000d5a80000,0x00000000d5a80000,0x00000000d6300000)
 ParOldGen       total 1330688K, used 1330314K [0x0000000080000000, 0x00000000d1380000, 0x00000000d5580000)
  object space 1330688K, 99% used [0x0000000080000000,0x00000000d13228c0,0x00000000d1380000)
 Metaspace       used 97597K, committed 99584K, reserved 1179648K
  class space    used 9504K, committed 10496K, reserved 1048576K
}
Event: 1481.492 GC heap before
{Heap before GC invocations=7743 (full 39):
 PSYoungGen      total 6144K, used 6133K [0x00000000d5580000, 0x00000000d7080000, 0x0000000100000000)
  eden space 5120K, 100% used [0x00000000d5580000,0x00000000d5a80000,0x00000000d5a80000)
  from space 1024K, 99% used [0x00000000d6300000,0x00000000d63fd788,0x00000000d6400000)
  to   space 8704K, 0% used [0x00000000d5a80000,0x00000000d5a80000,0x00000000d6300000)
 ParOldGen       total 1330688K, used 1330314K [0x0000000080000000, 0x00000000d1380000, 0x00000000d5580000)
  object space 1330688K, 99% used [0x0000000080000000,0x00000000d13228c0,0x00000000d1380000)
 Metaspace       used 97597K, committed 99584K, reserved 1179648K
  class space    used 9504K, committed 10496K, reserved 1048576K
}
Event: 1481.496 GC heap after
{Heap after GC invocations=7743 (full 39):
 PSYoungGen      total 7168K, used 1790K [0x00000000d5580000, 0x00000000d6380000, 0x0000000100000000)
  eden space 5120K, 0% used [0x00000000d5580000,0x00000000d5580000,0x00000000d5a80000)
  from space 2048K, 87% used [0x00000000d5a80000,0x00000000d5c3fb30,0x00000000d5c80000)
  to   space 4096K, 0% used [0x00000000d5f80000,0x00000000d5f80000,0x00000000d6380000)
 ParOldGen       total 1331712K, used 1331316K [0x0000000080000000, 0x00000000d1480000, 0x00000000d5580000)
  object space 1331712K, 99% used [0x0000000080000000,0x00000000d141d0d8,0x00000000d1480000)
 Metaspace       used 97597K, committed 99584K, reserved 1179648K
  class space    used 9504K, committed 10496K, reserved 1048576K
}
Event: 1485.136 GC heap before
{Heap before GC invocations=7744 (full 39):
 PSYoungGen      total 7168K, used 6910K [0x00000000d5580000, 0x00000000d6380000, 0x0000000100000000)
  eden space 5120K, 100% used [0x00000000d5580000,0x00000000d5a80000,0x00000000d5a80000)
  from space 2048K, 87% used [0x00000000d5a80000,0x00000000d5c3fb30,0x00000000d5c80000)
  to   space 4096K, 0% used [0x00000000d5f80000,0x00000000d5f80000,0x00000000d6380000)
 ParOldGen       total 1331712K, used 1331316K [0x0000000080000000, 0x00000000d1480000, 0x00000000d5580000)
  object space 1331712K, 99% used [0x0000000080000000,0x00000000d141d0d8,0x00000000d1480000)
 Metaspace       used 97598K, committed 99584K, reserved 1179648K
  class space    used 9504K, committed 10496K, reserved 1048576K
}
Event: 1485.139 GC heap after
{Heap after GC invocations=7744 (full 39):
 PSYoungGen      total 6144K, used 544K [0x00000000d5580000, 0x00000000d6080000, 0x0000000100000000)
  eden space 5120K, 0% used [0x00000000d5580000,0x00000000d5580000,0x00000000d5a80000)
  from space 1024K, 53% used [0x00000000d5f80000,0x00000000d6008020,0x00000000d6080000)
  to   space 1536K, 0% used [0x00000000d5d80000,0x00000000d5d80000,0x00000000d5f00000)
 ParOldGen       total 1332224K, used 1332071K [0x0000000080000000, 0x00000000d1500000, 0x00000000d5580000)
  object space 1332224K, 99% used [0x0000000080000000,0x00000000d14d9d58,0x00000000d1500000)
 Metaspace       used 97598K, committed 99584K, reserved 1179648K
  class space    used 9504K, committed 10496K, reserved 1048576K
}
Event: 1487.151 GC heap before
{Heap before GC invocations=7745 (full 39):
 PSYoungGen      total 6144K, used 5664K [0x00000000d5580000, 0x00000000d6080000, 0x0000000100000000)
  eden space 5120K, 100% used [0x00000000d5580000,0x00000000d5a80000,0x00000000d5a80000)
  from space 1024K, 53% used [0x00000000d5f80000,0x00000000d6008020,0x00000000d6080000)
  to   space 1536K, 0% used [0x00000000d5d80000,0x00000000d5d80000,0x00000000d5f00000)
 ParOldGen       total 1332224K, used 1332071K [0x0000000080000000, 0x00000000d1500000, 0x00000000d5580000)
  object space 1332224K, 99% used [0x0000000080000000,0x00000000d14d9d58,0x00000000d1500000)
 Metaspace       used 97598K, committed 99584K, reserved 1179648K
  class space    used 9504K, committed 10496K, reserved 1048576K
}
Event: 1487.154 GC heap after
{Heap after GC invocations=7745 (full 39):
 PSYoungGen      total 6656K, used 288K [0x00000000d5580000, 0x00000000d6000000, 0x0000000100000000)
  eden space 5120K, 0% used [0x00000000d5580000,0x00000000d5580000,0x00000000d5a80000)
  from space 1536K, 18% used [0x00000000d5d80000,0x00000000d5dc8000,0x00000000d5f00000)
  to   space 512K, 0% used [0x00000000d5f80000,0x00000000d5f80000,0x00000000d6000000)
 ParOldGen       total 1332736K, used 1332423K [0x0000000080000000, 0x00000000d1580000, 0x00000000d5580000)
  object space 1332736K, 99% used [0x0000000080000000,0x00000000d1531d58,0x00000000d1580000)
 Metaspace       used 97598K, committed 99584K, reserved 1179648K
  class space    used 9504K, committed 10496K, reserved 1048576K
}

